Consolidate compiler generated dependencies of target Csd
[ 11%] Building CXX object CMakeFiles/Csd.dir/source/csd.cpp.o
Warning: include-what-you-use reported diagnostics:

/data/data/com.termux/files/home/github/csd-cpp/source/csd.cpp should add these lines:
#include <iosfwd>       // for string

/data/data/com.termux/files/home/github/csd-cpp/source/csd.cpp should remove these lines:

The full include-list for /data/data/com.termux/files/home/github/csd-cpp/source/csd.cpp:
#include <cmath>        // for fabs, pow, ceil, log2
#include <iosfwd>       // for string
#include <string>       // for basic_string
#include <string_view>  // for string_view, basic_string_view
---

[ 22%] Building CXX object CMakeFiles/Csd.dir/source/greeter.cpp.o
Warning: include-what-you-use reported diagnostics:

/data/data/com.termux/files/home/github/csd-cpp/include/csd/greeter.h should add these lines:
#include <iosfwd>  // for string

/data/data/com.termux/files/home/github/csd-cpp/include/csd/greeter.h should remove these lines:

The full include-list for /data/data/com.termux/files/home/github/csd-cpp/include/csd/greeter.h:
#include <iosfwd>  // for string
#include <string>  // for basic_string
---

/data/data/com.termux/files/home/github/csd-cpp/source/greeter.cpp should add these lines:
#include <type_traits>   // for move

/data/data/com.termux/files/home/github/csd-cpp/source/greeter.cpp should remove these lines:

The full include-list for /data/data/com.termux/files/home/github/csd-cpp/source/greeter.cpp:
#include <csd/greeter.h>
#include <fmt/format.h>  // for format
#include <type_traits>   // for move
---

[ 33%] Linking CXX static library libCsd.a
[ 33%] Built target Csd
Consolidate compiler generated dependencies of target CsdTests
[ 44%] Building CXX object test/CMakeFiles/CsdTests.dir/source/main.cpp.o
[ 55%] Building CXX object test/CMakeFiles/CsdTests.dir/source/test_csd.cpp.o
Warning: include-what-you-use reported diagnostics:

/data/data/com.termux/files/home/github/csd-cpp/test/source/test_csd.cpp should add these lines:
#include <iosfwd>             // for string

/data/data/com.termux/files/home/github/csd-cpp/test/source/test_csd.cpp should remove these lines:

The full include-list for /data/data/com.termux/files/home/github/csd-cpp/test/source/test_csd.cpp:
#include <doctest/doctest.h>  // for ResultBuilder, CHECK, TEST_CASE
#include <iosfwd>             // for string
#include <string>             // for basic_string, operator==, operator<<
#include <string_view>        // for string_view
---

[ 66%] Building CXX object test/CMakeFiles/CsdTests.dir/source/test_integers.cpp.o
[ 77%] Linking CXX executable CsdTests
ld.lld: error: undefined symbol: std::__ndk1::basic_ostream<char, std::__ndk1::char_traits<char> >& std::__ndk1::operator<<<char, std::__ndk1::char_traits<char>, std::__ndk1::allocator<char> >(std::__ndk1::basic_ostream<char, std::__ndk1::char_traits<char> >&, std::__ndk1::basic_string<char, std::__ndk1::char_traits<char>, std::__ndk1::allocator<char> > const&)
>>> referenced by test_csd.cpp
>>>               CMakeFiles/CsdTests.dir/source/test_csd.cpp.o:(doctest::String doctest::detail::stringifyBinaryExpr<std::__ndk1::basic_string<char, std::__ndk1::char_traits<char>, std::__ndk1::allocator<char> >, char [10]>(std::__ndk1::basic_string<char, std::__ndk1::char_traits<char>, std::__ndk1::allocator<char> > const&, char const*, char const (&) [10]))
>>> referenced by test_csd.cpp
>>>               CMakeFiles/CsdTests.dir/source/test_csd.cpp.o:(doctest::String doctest::detail::stringifyBinaryExpr<std::__ndk1::basic_string<char, std::__ndk1::char_traits<char>, std::__ndk1::allocator<char> >, char [5]>(std::__ndk1::basic_string<char, std::__ndk1::char_traits<char>, std::__ndk1::allocator<char> > const&, char const*, char const (&) [5]))
>>> referenced by test_csd.cpp
>>>               CMakeFiles/CsdTests.dir/source/test_csd.cpp.o:(doctest::String doctest::detail::stringifyBinaryExpr<std::__ndk1::basic_string<char, std::__ndk1::char_traits<char>, std::__ndk1::allocator<char> >, char [9]>(std::__ndk1::basic_string<char, std::__ndk1::char_traits<char>, std::__ndk1::allocator<char> > const&, char const*, char const (&) [9]))
>>> referenced 1 more times
clang-13: error: linker command failed with exit code 1 (use -v to see invocation)
make[2]: *** [test/CMakeFiles/CsdTests.dir/build.make:131: test/CsdTests] Error 1
make[1]: *** [CMakeFiles/Makefile2:268: test/CMakeFiles/CsdTests.dir/all] Error 2
make: *** [Makefile:136: all] Error 2
